Warning: Not allowed as a service: java.awt.Window.CustomTitleBarPeer
	at com.jetbrains.JBR$WindowDecorations__Holder.<clinit>(JBR.java:642)
	at com.jetbrains.JBR.getWindowDecorations(JBR.java:662)
	at com.intellij.platform.ide.bootstrap.StartupUtil$startApplication$3.invokeSuspend(startup.kt:171)
	at kotlin.coroutines.jvm.internal.BaseContinuationImpl.resumeWith(ContinuationImpl.kt:33)
	at kotlinx.coroutines.DispatchedTask.run(DispatchedTask.kt:104)
	at kotlinx.coroutines.scheduling.CoroutineScheduler.runSafely(CoroutineScheduler.kt:608)
	at kotlinx.coroutines.scheduling.CoroutineScheduler$Worker.executeTask(CoroutineScheduler.kt:873)
	at kotlinx.coroutines.scheduling.CoroutineScheduler$Worker.runWorker(CoroutineScheduler.kt:763)
	at kotlinx.coroutines.scheduling.CoroutineScheduler$Worker.run(CoroutineScheduler.kt:750)
Warning: Service not supported: com.jetbrains.WindowDecorations
	at com.jetbrains.JBR$WindowDecorations__Holder.<clinit>(JBR.java:642)
	at com.jetbrains.JBR.getWindowDecorations(JBR.java:662)
	at com.intellij.platform.ide.bootstrap.StartupUtil$startApplication$3.invokeSuspend(startup.kt:171)
	at kotlin.coroutines.jvm.internal.BaseContinuationImpl.resumeWith(ContinuationImpl.kt:33)
	at kotlinx.coroutines.DispatchedTask.run(DispatchedTask.kt:104)
	at kotlinx.coroutines.scheduling.CoroutineScheduler.runSafely(CoroutineScheduler.kt:608)
	at kotlinx.coroutines.scheduling.CoroutineScheduler$Worker.executeTask(CoroutineScheduler.kt:873)
	at kotlinx.coroutines.scheduling.CoroutineScheduler$Worker.runWorker(CoroutineScheduler.kt:763)
	at kotlinx.coroutines.scheduling.CoroutineScheduler$Worker.run(CoroutineScheduler.kt:750)
2025-12-13 10:22:32,351 [   1324]   WARN - #c.i.o.e.c.i.EditorColorsManagerImpl - resource not found: colorSchemes/DqlAddonsDefault.xml
2025-12-13 10:22:32,359 [   1332]   WARN - #c.i.o.e.c.i.EditorColorsManagerImpl - resource not found: colorSchemes/DqlAddonsDarcula.xml
2025-12-13 10:22:32,743 [   1716]   WARN - #c.i.w.i.i.l.m.ModuleBridgeLoaderService - Loaded from cache, but no serialized modules found. Workspace model cache will be ignored, project structure will be recreated.
2025-12-13 10:22:33,532 [   2505]   WARN - #c.i.s.ComponentManagerImpl - `preload=NOT_HEADLESS` must be used only for core services (service=com.jetbrains.rdserver.toolWindow.BackendServerToolWindowManager, plugin=com.jetbrains.codeWithMe)
2025-12-13 10:22:33,535 [   2508]   WARN - #c.i.s.ComponentManagerImpl - `preload=TRUE` must be used only for core services (service=com.intellij.cwm.plugin.users.BackendUserManager, plugin=com.jetbrains.codeWithMe)
2025-12-13 10:22:33,535 [   2508]   WARN - #c.i.s.ComponentManagerImpl - `preload=TRUE` must be used only for core services (service=com.intellij.cwm.plugin.ports.CwmPortForwardingToolWindowManager, plugin=com.jetbrains.codeWithMe)
2025-12-13 10:22:33,535 [   2508]   WARN - #c.i.s.ComponentManagerImpl - `preload=TRUE` must be used only for core services (service=com.intellij.cwm.plugin.users.BackendCWMUserFocusHost, plugin=com.jetbrains.codeWithMe)
2025-12-13 10:22:33,536 [   2509]   WARN - #c.i.s.ComponentManagerImpl - `preload=TRUE` must be used only for core services (service=com.intellij.cwm.plugin.following.FollowMeManagerService, plugin=com.jetbrains.codeWithMe)
2025-12-13 10:22:33,536 [   2509]   WARN - #c.i.s.ComponentManagerImpl - `preload=TRUE` must be used only for core services (service=com.intellij.cwm.plugin.following.BackendProjectViewSync, plugin=com.jetbrains.codeWithMe)
2025-12-13 10:22:33,536 [   2509]   WARN - #c.i.s.ComponentManagerImpl - `preload=TRUE` must be used only for core services (service=com.intellij.cwm.plugin.following.BackendFollowMeEditorsHost, plugin=com.jetbrains.codeWithMe)
2025-12-13 10:22:33,536 [   2509]   WARN - #c.i.s.ComponentManagerImpl - `preload=TRUE` must be used only for core services (service=com.intellij.cwm.plugin.following.BackendFollowMeDebuggerHost, plugin=com.jetbrains.codeWithMe)
2025-12-13 10:22:33,536 [   2509]   WARN - #c.i.s.ComponentManagerImpl - `preload=TRUE` must be used only for core services (service=com.intellij.cwm.plugin.following.FollowMeLookupSynchronizer, plugin=com.jetbrains.codeWithMe)
2025-12-13 10:22:33,591 [   2564]   WARN - #c.i.o.f.i.FileEditorManagerImpl - no files to reopen
2025-12-13 10:22:34,671 [   3644]   WARN - #c.i.o.a.Application - issue detected: ide.script.launcher.used (ignored)
2025-12-13 10:22:35,354 [   4327]   WARN - #c.i.u.x.Binding - No accessors for com.jetbrains.php.testFramework.PhpTestFrameworkType. This means that state class cannot be serialized properly. Please see https://jb.gg/ij-psoc
2025-12-13 10:22:35,469 [   4442]   WARN - #c.i.i.s.i.StartupManagerImpl - Migrate dev.ekvedaras.laravelquery.services.Startup to ProjectActivity [Plugin: dev.ekvedaras.laravelquery]
com.intellij.diagnostic.PluginException: Migrate dev.ekvedaras.laravelquery.services.Startup to ProjectActivity [Plugin: dev.ekvedaras.laravelquery]
	at com.intellij.ide.startup.impl.StartupManagerImpl.runPostStartupActivities(StartupManagerImpl.kt:296)
	at com.intellij.ide.startup.impl.StartupManagerImpl.access$runPostStartupActivities(StartupManagerImpl.kt:69)
	at com.intellij.ide.startup.impl.StartupManagerImpl$runPostStartupActivities$3$2.invokeSuspend(StartupManagerImpl.kt:193)
	at com.intellij.ide.startup.impl.StartupManagerImpl$runPostStartupActivities$3$2.invoke(StartupManagerImpl.kt)
	at com.intellij.ide.startup.impl.StartupManagerImpl$runPostStartupActivities$3$2.invoke(StartupManagerImpl.kt)
	at kotlinx.coroutines.intrinsics.UndispatchedKt.startUndispatchedOrReturn(Undispatched.kt:62)
	at kotlinx.coroutines.BuildersKt__Builders_commonKt.withContext(Builders.common.kt:163)
	at kotlinx.coroutines.BuildersKt.withContext(Unknown Source)
	at com.intellij.ide.startup.impl.StartupManagerImpl$runPostStartupActivities$3.invokeSuspend(StartupManagerImpl.kt:192)
	at kotlin.coroutines.jvm.internal.BaseContinuationImpl.resumeWith(ContinuationImpl.kt:33)
	at kotlinx.coroutines.DispatchedTask.run(DispatchedTask.kt:104)
	at kotlinx.coroutines.scheduling.CoroutineScheduler.runSafely(CoroutineScheduler.kt:608)
	at kotlinx.coroutines.scheduling.CoroutineScheduler$Worker.executeTask(CoroutineScheduler.kt:873)
	at kotlinx.coroutines.scheduling.CoroutineScheduler$Worker.runWorker(CoroutineScheduler.kt:763)
	at kotlinx.coroutines.scheduling.CoroutineScheduler$Worker.run(CoroutineScheduler.kt:750)
2025-12-13 10:22:35,480 [   4453]   WARN - #o.j.p.t.TextMateService - Cannot find referenced file `./syntaxes/asp-vb-net.tmLanguage.json` in bundle `/home/genis/PhpStorm-231.9011.38/plugins/textmate/lib/bundles/vb`
2025-12-13 10:22:37,883 [   6856]   WARN - #c.i.o.a.i.Utils - 2503 ms to fillMenu@MainMenu
2025-12-13 10:22:39,885 [   8858]   WARN - #c.i.j.w.n.WebTypesNpmLoader - Failed to fetch packages for '@web-types' (Full Text): Request failed with status code 429
2025-12-13 10:22:41,056 [  10029]   WARN - Discord - Error connecting to ipc
dev.cbyrne.kdiscordipc.core.error.ConnectionError$NoIPCFile: Failed to find an IPC file. Is Discord open? Is this application allowed to access temporary files?
	at dev.cbyrne.kdiscordipc.core.error.ConnectionError$NoIPCFile.<clinit>(ConnectionError.kt)
	at dev.cbyrne.kdiscordipc.core.socket.handler.SocketHandler.findIPCFile(SocketHandler.kt:132)
	at dev.cbyrne.kdiscordipc.core.socket.handler.SocketHandler.findIPCFile(SocketHandler.kt:136)
	at dev.cbyrne.kdiscordipc.core.socket.handler.SocketHandler.findIPCFile(SocketHandler.kt:136)
	at dev.cbyrne.kdiscordipc.core.socket.handler.SocketHandler.findIPCFile(SocketHandler.kt:136)
	at dev.cbyrne.kdiscordipc.core.socket.handler.SocketHandler.findIPCFile(SocketHandler.kt:136)
	at dev.cbyrne.kdiscordipc.core.socket.handler.SocketHandler.findIPCFile(SocketHandler.kt:136)
	at dev.cbyrne.kdiscordipc.core.socket.handler.SocketHandler.findIPCFile(SocketHandler.kt:136)
	at dev.cbyrne.kdiscordipc.core.socket.handler.SocketHandler.findIPCFile(SocketHandler.kt:136)
	at dev.cbyrne.kdiscordipc.core.socket.handler.SocketHandler.findIPCFile(SocketHandler.kt:136)
	at dev.cbyrne.kdiscordipc.core.socket.handler.SocketHandler.findIPCFile(SocketHandler.kt:136)
	at dev.cbyrne.kdiscordipc.core.socket.handler.SocketHandler.findIPCFile(SocketHandler.kt:136)
	at dev.cbyrne.kdiscordipc.core.socket.handler.SocketHandler.connect(SocketHandler.kt:90)
	at dev.cbyrne.kdiscordipc.KDiscordIPC.connect(KDiscordIPC.kt:87)
	at dev.cbyrne.kdiscordipc.KDiscordIPC.connect$default(KDiscordIPC.kt:80)
	at dev.azn9.plugins.discord.rpc.connection.DiscordIpcConnection$connect$2$1.invokeSuspend(DiscordIpcConnection.kt:71)
	at dev.azn9.plugins.discord.rpc.connection.DiscordIpcConnection$connect$2$1.invoke(DiscordIpcConnection.kt)
	at dev.azn9.plugins.discord.rpc.connection.DiscordIpcConnection$connect$2$1.invoke(DiscordIpcConnection.kt)
	at kotlinx.coroutines.intrinsics.UndispatchedKt.startUndispatchedOrReturnIgnoreTimeout(Undispatched.kt:74)
	at kotlinx.coroutines.TimeoutKt.setupTimeout(Timeout.kt:148)
	at kotlinx.coroutines.TimeoutKt.withTimeoutOrNull(Timeout.kt:104)
	at dev.azn9.plugins.discord.rpc.connection.DiscordIpcConnection$connect$2.invokeSuspend(DiscordIpcConnection.kt:70)
	at kotlin.coroutines.jvm.internal.BaseContinuationImpl.resumeWith(ContinuationImpl.kt:33)
	at kotlinx.coroutines.DispatchedTask.run(DispatchedTask.kt:104)
	at kotlinx.coroutines.scheduling.CoroutineScheduler.runSafely(CoroutineScheduler.kt:608)
	at kotlinx.coroutines.scheduling.CoroutineScheduler$Worker.executeTask(CoroutineScheduler.kt:873)
	at kotlinx.coroutines.scheduling.CoroutineScheduler$Worker.runWorker(CoroutineScheduler.kt:763)
	at kotlinx.coroutines.scheduling.CoroutineScheduler$Worker.run(CoroutineScheduler.kt:750)
2025-12-13 10:23:31,711 [  60684]   WARN - #c.i.u.x.Binding - No accessors for com.intellij.toolWindow.ToolWindowLayoutStorageManagerState. This means that state class cannot be serialized properly. Please see https://jb.gg/ij-psoc
2025-12-13 10:23:31,712 [  60685]   WARN - #c.i.u.x.Binding - No accessors for com.intellij.ide.util.TipsUsageManager$State. This means that state class cannot be serialized properly. Please see https://jb.gg/ij-psoc
2025-12-13 10:32:31,546 [ 600519]   WARN - #c.i.u.x.Binding - No accessors for com.intellij.platform.feedback.impl.state.DontShowAgainFeedbackState. This means that state class cannot be serialized properly. Please see https://jb.gg/ij-psoc
2025-12-13 10:32:31,547 [ 600520]   WARN - #c.i.u.x.Binding - No accessors for com.intellij.platform.feedback.impl.state.CommonFeedbackSurveysState. This means that state class cannot be serialized properly. Please see https://jb.gg/ij-psoc
2025-12-13 10:36:03,607 [ 812580]   WARN - #c.i.u.x.Binding - No accessors for org.jetbrains.security.package.Package. This means that state class cannot be serialized properly. Please see https://jb.gg/ij-psoc
Warning: Not allowed as a service: com.jetbrains.RoundedCornersManager
	at com.jetbrains.JBR$RoundedCornersManager__Holder.<clinit>(JBR.java:514)
	at com.jetbrains.JBR.isRoundedCornersManagerSupported(JBR.java:524)
	at com.intellij.ui.WindowRoundedCornersManager.isAvailable(WindowRoundedCornersManager.java:36)
	at com.intellij.ui.popup.AbstractPopup.show(AbstractPopup.java:1033)
	at com.intellij.ui.popup.AbstractPopup.show(AbstractPopup.java:654)
	at com.intellij.ui.popup.AbstractPopup.showInBestPositionFor(AbstractPopup.java:761)
	at com.intellij.openapi.editor.EditorMouseHoverPopupManager.showHintInEditor(EditorMouseHoverPopupManager.java:257)
	at com.intellij.openapi.editor.EditorMouseHoverPopupManager.lambda$scheduleProcessing$3(EditorMouseHoverPopupManager.java:194)
	at com.intellij.util.concurrency.ContextRunnable.run(ContextRunnable.java:27)
	at com.intellij.openapi.application.TransactionGuardImpl.runWithWritingAllowed(TransactionGuardImpl.java:229)
	at com.intellij.openapi.application.TransactionGuardImpl.access$100(TransactionGuardImpl.java:22)
	at com.intellij.openapi.application.TransactionGuardImpl$1.run(TransactionGuardImpl.java:191)
	at com.intellij.openapi.application.impl.AnyThreadWriteThreadingSupport.runIntendedWriteActionOnCurrentThread$lambda$1(AnyThreadWriteThreadingSupport.kt:184)
	at com.intellij.openapi.application.impl.AnyThreadWriteThreadingSupport.runWriteIntentReadAction(AnyThreadWriteThreadingSupport.kt:84)
	at com.intellij.openapi.application.impl.AnyThreadWriteThreadingSupport.runIntendedWriteActionOnCurrentThread(AnyThreadWriteThreadingSupport.kt:183)
	at com.intellij.openapi.application.impl.ApplicationImpl.runIntendedWriteActionOnCurrentThread(ApplicationImpl.java:836)
	at com.intellij.openapi.application.impl.ApplicationImpl$2.run(ApplicationImpl.java:425)
	at com.intellij.openapi.application.impl.AnyThreadWriteThreadingSupport.runWithImplicitRead(AnyThreadWriteThreadingSupport.kt:122)
	at com.intellij.openapi.application.impl.ApplicationImpl.runWithImplicitRead(ApplicationImpl.java:1162)
	at com.intellij.openapi.application.impl.FlushQueue.doRun(FlushQueue.java:78)
	at com.intellij.openapi.application.impl.FlushQueue.runNextEvent(FlushQueue.java:119)
	at com.intellij.openapi.application.impl.FlushQueue.flushNow(FlushQueue.java:41)
	at java.desktop/java.awt.event.InvocationEvent.dispatch(InvocationEvent.java:318)
	at java.desktop/java.awt.EventQueue.dispatchEventImpl(EventQueue.java:781)
	at java.desktop/java.awt.EventQueue$4.run(EventQueue.java:728)
	at java.desktop/java.awt.EventQueue$4.run(EventQueue.java:722)
	at java.base/java.security.AccessController.doPrivileged(AccessController.java:400)
	at java.base/java.security.ProtectionDomain$JavaSecurityAccessImpl.doIntersectionPrivilege(ProtectionDomain.java:87)
	at java.desktop/java.awt.EventQueue.dispatchEvent(EventQueue.java:750)
	at com.intellij.ide.IdeEventQueue.defaultDispatchEvent(IdeEventQueue.kt:696)
	at com.intellij.ide.IdeEventQueue._dispatchEvent$lambda$16(IdeEventQueue.kt:590)
	at com.intellij.openapi.application.impl.AnyThreadWriteThreadingSupport.runWithoutImplicitRead(AnyThreadWriteThreadingSupport.kt:117)
	at com.intellij.ide.IdeEventQueue._dispatchEvent(IdeEventQueue.kt:590)
	at com.intellij.ide.IdeEventQueue.access$_dispatchEvent(IdeEventQueue.kt:73)
	at com.intellij.ide.IdeEventQueue$dispatchEvent$processEventRunnable$1$1$1$1.compute(IdeEventQueue.kt:357)
	at com.intellij.ide.IdeEventQueue$dispatchEvent$processEventRunnable$1$1$1$1.compute(IdeEventQueue.kt:356)
	at com.intellij.openapi.progress.impl.CoreProgressManager.computePrioritized(CoreProgressManager.java:843)
	at com.intellij.ide.IdeEventQueue$dispatchEvent$processEventRunnable$1$1$1.invoke(IdeEventQueue.kt:356)
	at com.intellij.ide.IdeEventQueue$dispatchEvent$processEventRunnable$1$1$1.invoke(IdeEventQueue.kt:351)
	at com.intellij.ide.IdeEventQueueKt$performActivity$runnableWithWIL$1.invoke$lambda$0(IdeEventQueue.kt:1035)
	at com.intellij.openapi.application.WriteIntentReadAction.lambda$run$0(WriteIntentReadAction.java:24)
	at com.intellij.openapi.application.impl.AnyThreadWriteThreadingSupport.runWriteIntentReadAction(AnyThreadWriteThreadingSupport.kt:84)
	at com.intellij.openapi.application.impl.ApplicationImpl.runWriteIntentReadAction(ApplicationImpl.java:910)
	at com.intellij.openapi.application.WriteIntentReadAction.compute(WriteIntentReadAction.java:55)
	at com.intellij.openapi.application.WriteIntentReadAction.run(WriteIntentReadAction.java:23)
	at com.intellij.ide.IdeEventQueueKt$performActivity$runnableWithWIL$1.invoke(IdeEventQueue.kt:1035)
	at com.intellij.ide.IdeEventQueueKt$performActivity$runnableWithWIL$1.invoke(IdeEventQueue.kt:1035)
	at com.intellij.ide.IdeEventQueueKt.performActivity$lambda$1(IdeEventQueue.kt:1036)
	at com.intellij.openapi.application.TransactionGuardImpl.performActivity(TransactionGuardImpl.java:106)
	at com.intellij.ide.IdeEventQueueKt.performActivity(IdeEventQueue.kt:1036)
	at com.intellij.ide.IdeEventQueue.dispatchEvent$lambda$10(IdeEventQueue.kt:351)
	at com.intellij.ide.IdeEventQueue.dispatchEvent(IdeEventQueue.kt:397)
	at java.desktop/java.awt.EventDispatchThread.pumpOneEventForFilters(EventDispatchThread.java:207)
	at java.desktop/java.awt.EventDispatchThread.pumpEventsForFilter(EventDispatchThread.java:128)
	at java.desktop/java.awt.EventDispatchThread.pumpEventsForHierarchy(EventDispatchThread.java:117)
	at java.desktop/java.awt.EventDispatchThread.pumpEvents(EventDispatchThread.java:113)
	at java.desktop/java.awt.EventDispatchThread.pumpEvents(EventDispatchThread.java:105)
	at java.desktop/java.awt.EventDispatchThread.run(EventDispatchThread.java:92)
2025-12-13 11:41:57,346 [4766319]   WARN - #c.i.e.p.OSProcessHandler - Process has been already terminated: /home/genis/node-v18.18.0-linux-x64/bin/node /home/genis/.cache/JetBrains/PhpStorm2024.2/javascript/typings/@vue/language-server/2.0.26/node_modules/@vue/language-server/bin/vue-language-server.js --stdio
